2025-07-14T05:12:23.498Z POST /shorturls 500 23ms
2025-07-14T05:18:45.019Z POST /shorturls 201 4ms
2025-07-14T05:23:36.294Z POST /shorturls 201 3ms
2025-07-14T05:24:04.132Z POST /abcd2 404 3ms
2025-07-14T05:24:26.031Z POST /shorturls/abcd2 404 1ms
2025-07-14T05:24:59.531Z GET /shorturls/abcd2 200 0ms
2025-07-14T05:25:12.641Z GET /shorturls/abcd2 200 0ms
2025-07-14T05:25:20.592Z GET /abcd2 302 20ms
2025-07-14T05:33:26.844Z GET /abcd2 404 8ms
2025-07-14T05:35:20.922Z POST /abcd2 404 2ms
2025-07-14T05:35:27.339Z GET /abcd2 404 1ms
2025-07-14T05:35:33.617Z POST /shorturls 201 2ms
2025-07-14T05:35:36.904Z GET /abcd2 302 15ms
2025-07-14T05:35:55.888Z POST /shorturls/abcd2 404 1ms
2025-07-14T05:36:24.411Z POST /shorturls/abcd2 404 1ms
2025-07-14T05:36:52.255Z GET /shorturls/abcd2 200 1ms
2025-07-14T05:47:48.308Z POST /shorturls 500 7ms
2025-07-14T05:48:20.004Z POST /shorturls 201 7ms
2025-07-14T05:48:28.589Z GET /abcd2 302 3ms
2025-07-14T05:48:31.178Z GET /shorturls/abcd2 200 0ms
